TN:
SF:src\components\Forms\Button\index.tsx
FN:11,Button
FNF:1
FNH:1
FNDA:3,Button
DA:12,3
LF:1
LH:1
BRF:0
BRH:0
end_of_record
TN:
SF:src\components\Forms\CategorySelectButton\index.tsx
FN:24,CategorySelectButton
FNF:1
FNH:1
FNDA:2,CategorySelectButton
DA:10,1
DA:29,2
LF:2
LH:2
BRF:0
BRH:0
end_of_record
TN:
SF:src\components\Forms\Input\index.tsx
FN:9,Input
FNF:1
FNH:1
FNDA:5,Input
DA:10,5
LF:1
LH:1
BRDA:9,0,0,4
BRF:1
BRH:1
end_of_record
TN:
SF:src\components\Forms\InputForm\index.tsx
FN:13,InputForm
FN:22,(anonymous_1)
FNF:2
FNH:2
FNDA:4,InputForm
FNDA:4,(anonymous_1)
DA:18,4
DA:23,4
LF:2
LH:2
BRDA:31,0,0,4
BRDA:31,0,1,0
BRF:2
BRH:1
end_of_record
TN:
SF:src\components\Forms\TransactionTypeButton\index.tsx
FN:21,TransactionTypeButton
FNF:1
FNH:1
FNDA:4,TransactionTypeButton
DA:10,1
DA:22,4
LF:2
LH:2
BRF:0
BRH:0
end_of_record
TN:
SF:src\components\HighlightCard\index.tsx
FN:17,HighLightCard
FNF:1
FNH:0
FNDA:0,HighLightCard
DA:11,0
DA:18,0
LF:2
LH:0
BRF:0
BRH:0
end_of_record
TN:
SF:src\components\HistoryCard\index.tsx
FN:16,HistoryCard
FNF:1
FNH:0
FNDA:0,HistoryCard
DA:17,0
LF:1
LH:0
BRF:0
BRH:0
end_of_record
TN:
SF:src\components\SignInSocialButton\index.tsx
FN:17,SignInSocialButton
FNF:1
FNH:0
FNDA:0,SignInSocialButton
DA:22,0
LF:1
LH:0
BRF:0
BRH:0
end_of_record
TN:
SF:src\components\TransactionCard\index.tsx
FN:17,TransactionCard
FN:19,(anonymous_1)
FNF:2
FNH:0
FNDA:0,TransactionCard
FNDA:0,(anonymous_1)
DA:18,0
DA:19,0
DA:21,0
LF:3
LH:0
BRDA:25,0,0,0
BRDA:25,0,1,0
BRF:2
BRH:0
end_of_record
TN:
SF:src\hooks\auth.tsx
FN:37,AuthProvider
FN:42,signInWithGoogle
FN:72,signInWithApple
FN:98,signOut
FN:103,(anonymous_4)
FN:104,loadUserStorageData
FN:130,useAuth
FNF:7
FNH:5
FNDA:4,AuthProvider
FNDA:3,signInWithGoogle
FNDA:0,signInWithApple
FNDA:0,signOut
FNDA:3,(anonymous_4)
FNDA:3,loadUserStorageData
FNDA:6,useAuth
DA:3,2
DA:4,2
DA:35,2
DA:38,4
DA:39,4
DA:40,4
DA:43,3
DA:44,3
DA:45,3
DA:47,3
DA:49,3
DA:52,2
DA:53,1
DA:54,1
DA:56,1
DA:63,1
DA:64,1
DA:68,1
DA:73,0
DA:74,0
DA:81,0
DA:82,0
DA:83,0
DA:84,0
DA:90,0
DA:91,0
DA:95,0
DA:99,0
DA:100,0
DA:103,4
DA:105,3
DA:107,0
DA:108,0
DA:109,0
DA:111,0
DA:113,3
DA:117,4
DA:131,6
DA:132,6
LF:39
LH:24
BRDA:52,0,0,1
BRDA:52,0,1,1
BRDA:81,1,0,0
BRDA:81,1,1,0
BRDA:107,2,0,0
BRDA:107,2,1,0
BRF:6
BRH:2
end_of_record
TN:
SF:src\routes\app.routes.tsx
FN:13,AppRoutes
FN:33,(anonymous_1)
FN:46,(anonymous_2)
FN:59,(anonymous_3)
FNF:4
FNH:0
FNDA:0,AppRoutes
FNDA:0,(anonymous_1)
FNDA:0,(anonymous_2)
FNDA:0,(anonymous_3)
DA:7,0
DA:14,0
DA:16,0
DA:34,0
DA:47,0
DA:60,0
LF:6
LH:0
BRDA:25,0,0,0
BRDA:25,0,1,0
BRF:2
BRH:0
end_of_record
TN:
SF:src\routes\auth.routes.tsx
FN:8,AuthRoutes
FNF:1
FNH:0
FNDA:0,AuthRoutes
DA:6,0
DA:9,0
LF:2
LH:0
BRF:0
BRH:0
end_of_record
TN:
SF:src\routes\index.tsx
FN:9,Routes
FNF:1
FNH:0
FNDA:0,Routes
DA:10,0
DA:12,0
LF:2
LH:0
BRDA:14,0,0,0
BRDA:14,0,1,0
BRF:2
BRH:0
end_of_record
TN:
SF:src\screens\CategorySelect\index.tsx
FN:28,CategorySelect
FN:30,handleCategorySelect
FN:42,(anonymous_2)
FN:43,(anonymous_3)
FN:45,(anonymous_4)
FN:52,(anonymous_5)
FNF:6
FNH:4
FNDA:1,CategorySelect
FNDA:0,handleCategorySelect
FNDA:6,(anonymous_2)
FNDA:6,(anonymous_3)
FNDA:0,(anonymous_4)
FNDA:5,(anonymous_5)
DA:31,0
DA:34,1
DA:42,6
DA:44,6
DA:45,0
DA:52,5
LF:6
LH:4
BRF:0
BRH:0
end_of_record
TN:
SF:src\screens\Dashboard\index.tsx
FN:45,Dashboard
FN:51,getLastTransactionDate
FN:55,(anonymous_2)
FN:63,(anonymous_3)
FN:68,loadTransactions
FN:78,(anonymous_5)
FN:140,(anonymous_6)
FN:144,(anonymous_7)
FN:196,(anonymous_8)
FN:197,(anonymous_9)
FNF:10
FNH:0
FNDA:0,Dashboard
FNDA:0,getLastTransactionDate
FNDA:0,(anonymous_2)
FNDA:0,(anonymous_3)
FNDA:0,loadTransactions
FNDA:0,(anonymous_5)
FNDA:0,(anonymous_6)
FNDA:0,(anonymous_7)
FNDA:0,(anonymous_8)
FNDA:0,(anonymous_9)
DA:46,0
DA:47,0
DA:48,0
DA:49,0
DA:50,0
DA:55,0
DA:57,0
DA:58,0
DA:61,0
DA:63,0
DA:65,0
DA:69,0
DA:70,0
DA:71,0
DA:74,0
DA:75,0
DA:77,0
DA:80,0
DA:81,0
DA:83,0
DA:86,0
DA:91,0
DA:97,0
DA:107,0
DA:109,0
DA:110,0
DA:112,0
DA:114,0
DA:115,0
DA:138,0
DA:140,0
DA:141,0
DA:144,0
DA:145,0
DA:148,0
DA:196,0
DA:197,0
LF:37
LH:0
BRDA:57,0,0,0
BRDA:57,0,1,0
BRDA:71,1,0,0
BRDA:71,1,1,0
BRDA:80,2,0,0
BRDA:80,2,1,0
BRDA:112,3,0,0
BRDA:112,3,1,0
BRDA:121,4,0,0
BRDA:121,4,1,0
BRDA:128,5,0,0
BRDA:128,5,1,0
BRDA:151,6,0,0
BRDA:151,6,1,0
BRF:14
BRH:0
end_of_record
TN:
SF:src\screens\Profile\index.tsx
FN:9,Profile
FN:29,(anonymous_1)
FNF:2
FNH:1
FNDA:3,Profile
FNDA:0,(anonymous_1)
DA:10,3
LF:1
LH:1
BRF:0
BRH:0
end_of_record
TN:
SF:src\screens\Register\index.tsx
FN:34,Register
FN:51,handleTransactionTypeSelect
FN:54,handleOpenSelectCategoryModal
FN:57,handleCloseSelectCategoryModal
FN:60,handleRegister
FN:133,(anonymous_5)
FN:139,(anonymous_6)
FNF:7
FNH:2
FNDA:2,Register
FNDA:0,handleTransactionTypeSelect
FNDA:1,handleOpenSelectCategoryModal
FNDA:0,handleCloseSelectCategoryModal
FNDA:0,handleRegister
FNDA:0,(anonymous_5)
FNDA:0,(anonymous_6)
DA:25,1
DA:35,2
DA:36,2
DA:38,2
DA:40,2
DA:45,2
DA:47,2
DA:52,0
DA:55,1
DA:58,0
DA:61,0
DA:62,0
DA:64,0
DA:65,0
DA:69,0
DA:78,0
DA:79,0
DA:80,0
DA:81,0
DA:83,0
DA:88,0
DA:90,0
DA:91,0
DA:92,0
DA:96,0
DA:99,0
DA:100,0
DA:104,2
DA:133,0
DA:139,0
LF:30
LH:9
BRDA:61,0,0,0
BRDA:61,0,1,0
BRDA:64,1,0,0
BRDA:64,1,1,0
BRDA:81,2,0,0
BRDA:81,2,1,0
BRDA:118,3,0,2
BRDA:118,3,1,0
BRDA:125,4,0,2
BRDA:125,4,1,0
BRF:10
BRH:2
end_of_record
TN:
SF:src\screens\Resume\index.tsx
FN:44,Resume
FN:51,handleDateChange
FN:59,loadData
FN:67,(anonymous_3)
FN:73,(anonymous_4)
FN:80,(anonymous_5)
FN:83,(anonymous_6)
FN:111,(anonymous_7)
FN:127,(anonymous_8)
FN:133,(anonymous_9)
FN:143,(anonymous_10)
FN:156,(anonymous_11)
FNF:12
FNH:0
FNDA:0,Resume
FNDA:0,handleDateChange
FNDA:0,loadData
FNDA:0,(anonymous_3)
FNDA:0,(anonymous_4)
FNDA:0,(anonymous_5)
FNDA:0,(anonymous_6)
FNDA:0,(anonymous_7)
FNDA:0,(anonymous_8)
FNDA:0,(anonymous_9)
FNDA:0,(anonymous_10)
FNDA:0,(anonymous_11)
DA:45,0
DA:46,0
DA:47,0
DA:48,0
DA:49,0
DA:52,0
DA:53,0
DA:55,0
DA:60,0
DA:61,0
DA:62,0
DA:63,0
DA:66,0
DA:68,0
DA:73,0
DA:74,0
DA:78,0
DA:80,0
DA:81,0
DA:83,0
DA:84,0
DA:85,0
DA:89,0
DA:90,0
DA:94,0
DA:96,0
DA:107,0
DA:108,0
DA:111,0
DA:112,0
DA:115,0
DA:127,0
DA:133,0
DA:143,0
DA:157,0
LF:35
LH:0
BRDA:52,0,0,0
BRDA:52,0,1,0
BRDA:63,1,0,0
BRDA:63,1,1,0
BRDA:68,2,0,0
BRDA:68,2,1,0
BRDA:68,2,2,0
BRDA:84,3,0,0
BRDA:84,3,1,0
BRDA:89,4,0,0
BRDA:89,4,1,0
BRDA:121,5,0,0
BRDA:121,5,1,0
BRF:13
BRH:0
end_of_record
TN:
SF:src\screens\SignIn\index.tsx
FN:22,SignIn
FN:27,handleSignInWithGoogle
FN:38,handleSignInWithApple
FNF:3
FNH:0
FNDA:0,SignIn
FNDA:0,handleSignInWithGoogle
FNDA:0,handleSignInWithApple
DA:23,0
DA:24,0
DA:25,0
DA:28,0
DA:29,0
DA:30,0
DA:32,0
DA:33,0
DA:34,0
DA:39,0
DA:40,0
DA:41,0
DA:43,0
DA:44,0
DA:45,0
DA:47,0
DA:49,0
DA:53,0
LF:18
LH:0
BRDA:44,0,0,0
BRDA:44,0,1,0
BRDA:80,1,0,0
BRDA:80,1,1,0
BRDA:88,2,0,0
BRDA:88,2,1,0
BRF:6
BRH:0
end_of_record
